{Offline_Obj: 96366.33081797056, Offline_Weight: [1.00000009], Online_Obj: 72245.61976802658, Online_Weights: [0.99999625]}
{Offline_Obj: 96337.9502081585, Offline_Weight: [1.00000008], Online_Obj: 72100.59055461976, Online_Weights: [0.99999589]}
{Offline_Obj: 96362.22474775302, Offline_Weight: [1.00000009], Online_Obj: 72206.03607474794, Online_Weights: [0.99999911]}
{Offline_Obj: 96365.06122407698, Offline_Weight: [1.0000001], Online_Obj: 72218.89036468038, Online_Weights: [0.99999693]}
{Offline_Obj: 96380.83154375119, Offline_Weight: [1.00000006], Online_Obj: 72161.09811195143, Online_Weights: [0.99999453]}
{Offline_Obj: 96355.8189570925, Offline_Weight: [1.00000007], Online_Obj: 72184.31299806258, Online_Weights: [0.99999667]}
{Offline_Obj: 96374.65606372287, Offline_Weight: [1.0000001], Online_Obj: 72103.96918436549, Online_Weights: [0.99999394]}
{Offline_Obj: 96353.96573863004, Offline_Weight: [1.00000009], Online_Obj: 72179.12273572043, Online_Weights: [0.9999977]}
{Offline_Obj: 96351.4532635567, Offline_Weight: [1.00000007], Online_Obj: 72015.35916943938, Online_Weights: [0.99999956]}
{Offline_Obj: 96373.207867487, Offline_Weight: [1.00000009], Online_Obj: 72237.82840006685, Online_Weights: [0.99999755]}
{Offline_Obj: 96361.98701547287, Offline_Weight: [1.00000008], Online_Obj: 72243.88412306191, Online_Weights: [0.99999727]}
{Offline_Obj: 96337.96168582008, Offline_Weight: [1.00000009], Online_Obj: 72266.425470857, Online_Weights: [0.99999751]}
{Offline_Obj: 96376.49760094396, Offline_Weight: [1.00000002], Online_Obj: 72215.0412004308, Online_Weights: [0.99999683]}
{Offline_Obj: 96371.45657041782, Offline_Weight: [1.0000001], Online_Obj: 72277.91065060529, Online_Weights: [0.99999649]}
{Offline_Obj: 96362.83634745934, Offline_Weight: [1.00000009], Online_Obj: 72237.9493508022, Online_Weights: [0.99999641]}
{Offline_Obj: 96340.71263460285, Offline_Weight: [1.0000001], Online_Obj: 72121.94889575981, Online_Weights: [0.99999516]}
{Offline_Obj: 96353.08835530863, Offline_Weight: [1.], Online_Obj: 72157.15408149087, Online_Weights: [0.99999809]}
{Offline_Obj: 96355.91749628591, Offline_Weight: [1.00000008], Online_Obj: 72224.62962419106, Online_Weights: [0.9999975]}
{Offline_Obj: 96356.23418942242, Offline_Weight: [1.00000009], Online_Obj: 72211.05867425671, Online_Weights: [0.99999985]}
{Offline_Obj: 96327.02270766936, Offline_Weight: [1.0000001], Online_Obj: 72118.73173326704, Online_Weights: [0.99999758]}
{Offline_Obj: 96346.64272250333, Offline_Weight: [1.00000009], Online_Obj: 72178.65562428712, Online_Weights: [0.99999847]}
{Offline_Obj: 96346.60876210446, Offline_Weight: [1.00000007], Online_Obj: 72254.66441928856, Online_Weights: [0.99999562]}
{Offline_Obj: 96376.99989386153, Offline_Weight: [1.00000003], Online_Obj: 72115.63487590701, Online_Weights: [0.99999586]}
{Offline_Obj: 96379.78954740021, Offline_Weight: [1.00000009], Online_Obj: 72202.31250193203, Online_Weights: [0.99999498]}
{Offline_Obj: 96355.7455201589, Offline_Weight: [1.00000005], Online_Obj: 72129.5412453143, Online_Weights: [0.99999912]}
{Offline_Obj: 96362.72147801476, Offline_Weight: [1.0000001], Online_Obj: 72222.10428190188, Online_Weights: [0.99999475]}
{Offline_Obj: 96352.58178489885, Offline_Weight: [1.00000005], Online_Obj: 72143.92346499136, Online_Weights: [0.9999986]}
{Offline_Obj: 96356.90781129629, Offline_Weight: [1.0000001], Online_Obj: 72135.37362632249, Online_Weights: [0.99999465]}
{Offline_Obj: 96359.94923600175, Offline_Weight: [1.00000009], Online_Obj: 72171.49013023102, Online_Weights: [0.99999799]}
{Offline_Obj: 96352.09969574898, Offline_Weight: [1.00000009], Online_Obj: 72256.18691834956, Online_Weights: [0.9999987]}
{Offline_Obj: 96355.35497989498, Offline_Weight: [1.00000007], Online_Obj: 72176.26205876819, Online_Weights: [0.99999796]}
{Offline_Obj: 96356.8931970795, Offline_Weight: [1.00000007], Online_Obj: 72161.25713655964, Online_Weights: [0.99999855]}
Setup: 500000 items, weight_dimension=1, p_min=1000.0, p_max=100000.0, w_max=1e-05
Competitive ratio: 5.605170185988092
Results after 32 experiments:
Average of Empirical Ratio: 1.3349075205072767
Std error of Empirical Ratio: 0.00018723840357392726
