{Offline_Obj: 0.9999620173413053, Offline_Weight: [0.99997064], Online_Obj: 0.5987856660269275, Online_Weights: [0.92298541]}
{Offline_Obj: 0.9999000961462167, Offline_Weight: [0.99996608], Online_Obj: 0.5546847456481772, Online_Weights: [0.98400784]}
{Offline_Obj: 0.9999193115838715, Offline_Weight: [0.99997104], Online_Obj: 0.9412409922637077, Online_Weights: [0.98816427]}
{Offline_Obj: 0.999970979730506, Offline_Weight: [0.99999056], Online_Obj: 0.6590351893332826, Online_Weights: [0.99435644]}
{Offline_Obj: 0.9998939210749128, Offline_Weight: [0.99993223], Online_Obj: 0.9670298390136767, Online_Weights: [0.98507217]}
{Offline_Obj: 0.9999791484778461, Offline_Weight: [0.9999818], Online_Obj: 0.6338432565624564, Online_Weights: [0.98615287]}
{Offline_Obj: 0.9999864383777538, Offline_Weight: [0.99999933], Online_Obj: 0.9329059701318719, Online_Weights: [0.9689079]}
{Offline_Obj: 0.9999404044827069, Offline_Weight: [0.99997564], Online_Obj: 0.574520043231287, Online_Weights: [0.98975037]}
{Offline_Obj: 0.9999972798366425, Offline_Weight: [0.99999803], Online_Obj: 0.8852288643627154, Online_Weights: [0.95633071]}
{Offline_Obj: 0.999976021201534, Offline_Weight: [0.99999634], Online_Obj: 0.7849020019222672, Online_Weights: [0.96772074]}
{Offline_Obj: 0.9999898060044072, Offline_Weight: [0.99999535], Online_Obj: 0.9499372186166221, Online_Weights: [0.96678517]}
{Offline_Obj: 0.9998077800585833, Offline_Weight: [0.99994596], Online_Obj: 0.6624781371984192, Online_Weights: [0.96475144]}
{Offline_Obj: 0.9999615816372952, Offline_Weight: [0.99999106], Online_Obj: 0.48031695740363933, Online_Weights: [0.98711344]}
{Offline_Obj: 0.9999801597244993, Offline_Weight: [0.99998918], Online_Obj: 0.9011574577130356, Online_Weights: [0.98282705]}
{Offline_Obj: 0.9999582543086359, Offline_Weight: [0.99999785], Online_Obj: 0.580523152910617, Online_Weights: [0.97094909]}
{Offline_Obj: 0.9998402467323987, Offline_Weight: [0.99992804], Online_Obj: 0.9178562933281174, Online_Weights: [0.95547734]}
{Offline_Obj: 0.9999635728761946, Offline_Weight: [0.99997787], Online_Obj: 0.5378575038007504, Online_Weights: [0.97382465]}
{Offline_Obj: 0.9999568021906655, Offline_Weight: [0.99996134], Online_Obj: 0.5596386163982914, Online_Weights: [0.99177142]}
{Offline_Obj: 0.9998758203874197, Offline_Weight: [0.99997596], Online_Obj: 0.7553895949556162, Online_Weights: [0.94669806]}
{Offline_Obj: 0.9999343625119176, Offline_Weight: [0.99999525], Online_Obj: 0.7768360665989421, Online_Weights: [0.98539886]}
{Offline_Obj: 0.9999429193276439, Offline_Weight: [0.99998921], Online_Obj: 0.891530729474708, Online_Weights: [0.98002403]}
{Offline_Obj: 0.999781026621459, Offline_Weight: [0.99985446], Online_Obj: 0.498327914006374, Online_Weights: [0.97081192]}
{Offline_Obj: 0.9998879752512255, Offline_Weight: [0.99999257], Online_Obj: 0.6052016682706648, Online_Weights: [0.99513788]}
{Offline_Obj: 0.9999977907227711, Offline_Weight: [0.99999952], Online_Obj: 0.9052540695879775, Online_Weights: [0.97533696]}
{Offline_Obj: 0.9999271952064749, Offline_Weight: [0.99994955], Online_Obj: 0.9600173033359185, Online_Weights: [0.98798568]}
{Offline_Obj: 0.9997876950070463, Offline_Weight: [0.99990264], Online_Obj: 0.9070035489316947, Online_Weights: [0.98424286]}
{Offline_Obj: 0.9999501459275025, Offline_Weight: [0.99995451], Online_Obj: 0.54390964577253, Online_Weights: [0.98894695]}
{Offline_Obj: 0.9999972857090523, Offline_Weight: [0.99999929], Online_Obj: 0.9497600507229444, Online_Weights: [0.97862668]}
{Offline_Obj: 0.9999943944397909, Offline_Weight: [0.99999657], Online_Obj: 0.8187127617280848, Online_Weights: [0.98131312]}
{Offline_Obj: 0.9999605181510913, Offline_Weight: [0.99996172], Online_Obj: 0.8919394721149541, Online_Weights: [0.93349691]}
{Offline_Obj: 0.999886795888357, Offline_Weight: [0.99996457], Online_Obj: 0.8073244284277867, Online_Weights: [0.96302941]}
{Offline_Obj: 0.9999421739172021, Offline_Weight: [0.99994272], Online_Obj: 0.5180768704710459, Online_Weights: [0.93297489]}
Setup: 10000 items, weight_dimension=1, p_min=0.01, p_max=1.0, w_max=1.0
Competitive ratio: 5.605170185988092
Results after 32 experiments:
Average of Empirical Ratio: 1.410408803773291
Std error of Empirical Ratio: 0.059630753104959335
