{Offline_Obj: 9.998987050313008, Offline_Weight: [0.99999872], Online_Obj: 7.426305057283829, Online_Weights: [0.98710111]}
{Offline_Obj: 9.998725597055138, Offline_Weight: [0.99999237], Online_Obj: 6.19128995658972, Online_Weights: [0.98357014]}
{Offline_Obj: 9.999075319027716, Offline_Weight: [0.99999513], Online_Obj: 7.202386474499737, Online_Weights: [0.99504711]}
{Offline_Obj: 9.999341768779912, Offline_Weight: [0.99999834], Online_Obj: 6.4546842419551895, Online_Weights: [0.9984275]}
{Offline_Obj: 9.99909791343256, Offline_Weight: [0.99999698], Online_Obj: 7.955820521163123, Online_Weights: [0.99290437]}
{Offline_Obj: 9.998885250965797, Offline_Weight: [0.99999925], Online_Obj: 6.3695823828500755, Online_Weights: [0.99460521]}
{Offline_Obj: 9.999084366822109, Offline_Weight: [0.99999989], Online_Obj: 7.334309345126748, Online_Weights: [0.99319107]}
{Offline_Obj: 9.999155658371993, Offline_Weight: [0.99999218], Online_Obj: 6.756173021421941, Online_Weights: [0.9992635]}
{Offline_Obj: 9.998880459911529, Offline_Weight: [0.99999782], Online_Obj: 7.397567783217293, Online_Weights: [0.99639746]}
{Offline_Obj: 9.999335694680356, Offline_Weight: [0.99999464], Online_Obj: 6.905266879985273, Online_Weights: [0.99783]}
{Offline_Obj: 9.999341180788937, Offline_Weight: [0.99999891], Online_Obj: 7.530533878880439, Online_Weights: [0.99659392]}
{Offline_Obj: 9.998918163107547, Offline_Weight: [0.99999656], Online_Obj: 7.183940194465752, Online_Weights: [0.99347816]}
{Offline_Obj: 9.998929804746014, Offline_Weight: [0.99998942], Online_Obj: 7.057791647038626, Online_Weights: [0.99499589]}
{Offline_Obj: 9.99878733284979, Offline_Weight: [0.99999747], Online_Obj: 7.748056515705319, Online_Weights: [0.99454055]}
{Offline_Obj: 9.999084088440892, Offline_Weight: [0.99999849], Online_Obj: 8.18642403051996, Online_Weights: [0.99338639]}
{Offline_Obj: 9.998962021656626, Offline_Weight: [0.99999758], Online_Obj: 7.453214905757715, Online_Weights: [0.9892414]}
{Offline_Obj: 9.998880078457928, Offline_Weight: [0.9999846], Online_Obj: 7.083600098911287, Online_Weights: [0.99312111]}
{Offline_Obj: 9.999030979142981, Offline_Weight: [0.99999669], Online_Obj: 7.224048122238572, Online_Weights: [0.99792126]}
{Offline_Obj: 9.998869506468278, Offline_Weight: [0.99999783], Online_Obj: 8.07757202123856, Online_Weights: [0.99686384]}
{Offline_Obj: 9.999313251488594, Offline_Weight: [0.9999998], Online_Obj: 6.131514058445352, Online_Weights: [0.9977579]}
{Offline_Obj: 9.999253758512516, Offline_Weight: [0.99999755], Online_Obj: 7.191868323031584, Online_Weights: [0.99526275]}
{Offline_Obj: 9.999025812932715, Offline_Weight: [0.99999763], Online_Obj: 6.420881228584655, Online_Weights: [0.99372242]}
{Offline_Obj: 9.998532884422593, Offline_Weight: [0.99999945], Online_Obj: 6.566451367876271, Online_Weights: [0.99557647]}
{Offline_Obj: 9.999122239566306, Offline_Weight: [0.99999084], Online_Obj: 7.57914250874377, Online_Weights: [0.99553396]}
{Offline_Obj: 9.999291865327953, Offline_Weight: [0.99999863], Online_Obj: 7.815812746854755, Online_Weights: [0.9945418]}
{Offline_Obj: 9.99924856619004, Offline_Weight: [0.99999653], Online_Obj: 6.7653308837975175, Online_Weights: [0.99946894]}
{Offline_Obj: 9.999191880728056, Offline_Weight: [0.99998609], Online_Obj: 7.309437812460917, Online_Weights: [0.99447632]}
{Offline_Obj: 9.999135206310271, Offline_Weight: [0.99999821], Online_Obj: 7.084147601369855, Online_Weights: [0.99051532]}
{Offline_Obj: 9.999356438830123, Offline_Weight: [0.9999954], Online_Obj: 6.766800731039459, Online_Weights: [0.98681924]}
{Offline_Obj: 9.999268979501782, Offline_Weight: [0.99999789], Online_Obj: 6.62227257874684, Online_Weights: [0.99338245]}
{Offline_Obj: 9.999085362550211, Offline_Weight: [1.00000001], Online_Obj: 8.231686259886017, Online_Weights: [0.99682579]}
{Offline_Obj: 9.99879723035328, Offline_Weight: [0.99999701], Online_Obj: 6.106834703461076, Online_Weights: [0.99668468]}
Setup: 10000 items, weight_dimension=1, p_min=0.1, p_max=10.0, w_max=0.1
Competitive ratio: 5.605170185988092
Results after 32 experiments:
Average of Empirical Ratio: 1.4121516363867457
Std error of Empirical Ratio: 0.020686909425618884
