{Offline_Obj: 0.9999779517807228, Offline_Weight: [0.99998939 0.99999874], Online_Obj: 0.5999227828630422, Online_Weights: [0.93619748 0.88131192]}
{Offline_Obj: 0.9998625267472216, Offline_Weight: [0.99992689 0.99988851], Online_Obj: 0.4542622603133588, Online_Weights: [0.88965001 0.60134806]}
{Offline_Obj: 0.9999429292310302, Offline_Weight: [0.99994907 0.999947  ], Online_Obj: 0.5493546852564903, Online_Weights: [0.77097692 0.91398369]}
{Offline_Obj: 0.9999992160832805, Offline_Weight: [0.99999922 0.99999987], Online_Obj: 0.5507979025745755, Online_Weights: [0.86889939 0.68147292]}
{Offline_Obj: 0.9998896688047808, Offline_Weight: [0.99992758 0.9998924 ], Online_Obj: 0.7148159936743647, Online_Weights: [0.9137971  0.77644126]}
{Offline_Obj: 0.9999570309131419, Offline_Weight: [0.99998375 0.99996128], Online_Obj: 0.9186109079379216, Online_Weights: [0.95836225 0.96840019]}
{Offline_Obj: 0.999887536320721, Offline_Weight: [0.99998825 0.99990278], Online_Obj: 0.8928601514360016, Online_Weights: [0.92842842 0.98084652]}
{Offline_Obj: 0.9999815894649381, Offline_Weight: [0.99999617 0.99998175], Online_Obj: 0.7027310703950331, Online_Weights: [0.83845004 0.901777  ]}
{Offline_Obj: 0.9999233873434895, Offline_Weight: [0.99995824 0.99995303], Online_Obj: 0.7715059434146774, Online_Weights: [0.9173139  0.90986648]}
{Offline_Obj: 0.9998589154368386, Offline_Weight: [0.99990548 0.99991093], Online_Obj: 0.552337709469729, Online_Weights: [0.81969894 0.79052678]}
{Offline_Obj: 0.9999719166051412, Offline_Weight: [0.99999868 0.99997847], Online_Obj: 0.8400651446813262, Online_Weights: [0.90497175 0.98731551]}
{Offline_Obj: 0.9999956696490143, Offline_Weight: [0.99999693 0.99999737], Online_Obj: 0.48361331211130576, Online_Weights: [0.87648578 0.96157126]}
{Offline_Obj: 0.999945761618254, Offline_Weight: [0.99995415 0.99998617], Online_Obj: 0.4007131180436335, Online_Weights: [0.69329431 0.94729195]}
{Offline_Obj: 0.9998183413157805, Offline_Weight: [0.99995577 0.9998383 ], Online_Obj: 0.7777024105738202, Online_Weights: [0.83050725 0.96093754]}
{Offline_Obj: 0.9999349699887567, Offline_Weight: [0.99994044 0.9999983 ], Online_Obj: 0.5841511831676041, Online_Weights: [0.82090221 0.89173265]}
{Offline_Obj: 0.9997993374555679, Offline_Weight: [0.99991759 0.99990909], Online_Obj: 0.8488176972685787, Online_Weights: [0.8758636  0.85703645]}
{Offline_Obj: 0.9998014351289792, Offline_Weight: [0.99996658 0.99994972], Online_Obj: 0.3792240288292966, Online_Weights: [0.82363371 0.90678853]}
{Offline_Obj: 0.9998689743748195, Offline_Weight: [0.99999631 0.99989603], Online_Obj: 0.5553601388672376, Online_Weights: [0.96727465 0.76642374]}
{Offline_Obj: 0.9999736447272607, Offline_Weight: [0.99998422 0.9999896 ], Online_Obj: 0.8453050227488611, Online_Weights: [0.87894405 0.91875129]}
{Offline_Obj: 0.9998012607156334, Offline_Weight: [0.9999645  0.99989875], Online_Obj: 0.45368684540980997, Online_Weights: [0.91288648 0.91496991]}
{Offline_Obj: 0.9997964586165949, Offline_Weight: [0.99989358 0.9999481 ], Online_Obj: 0.815837477307684, Online_Weights: [0.82244699 0.9432333 ]}
{Offline_Obj: 0.9999701908858626, Offline_Weight: [0.9999905  0.99997908], Online_Obj: 0.39134107090410974, Online_Weights: [0.75577672 0.93929211]}
{Offline_Obj: 0.9995942335661052, Offline_Weight: [0.999754   0.99996539], Online_Obj: 0.38865488802937287, Online_Weights: [0.82440752 0.87052576]}
{Offline_Obj: 0.9999904133758585, Offline_Weight: [0.99999243 0.99999812], Online_Obj: 0.4361352950315909, Online_Weights: [0.74916319 0.94848434]}
{Offline_Obj: 0.9998832371537433, Offline_Weight: [0.99994081 0.99995729], Online_Obj: 0.996455725089097, Online_Weights: [0.99757695 0.99693968]}
{Offline_Obj: 0.9999952087114335, Offline_Weight: [0.9999998  0.99999859], Online_Obj: 0.8701241366272119, Online_Weights: [0.94574786 0.90633858]}
{Offline_Obj: 0.9999828030133594, Offline_Weight: [0.99999216 0.99999338], Online_Obj: 0.34226983965929636, Online_Weights: [0.70789523 0.88219799]}
{Offline_Obj: 0.9999972857090523, Offline_Weight: [0.99999929 0.99999772], Online_Obj: 0.8931943467151353, Online_Weights: [0.91559311 0.97242573]}
{Offline_Obj: 0.99993791558308, Offline_Weight: [0.99994815 0.99995287], Online_Obj: 0.7454546566141342, Online_Weights: [0.89818573 0.7874117 ]}
{Offline_Obj: 0.9999264625615464, Offline_Weight: [0.99995864 0.99996098], Online_Obj: 0.8637599855700829, Online_Weights: [0.90257558 0.87374044]}
{Offline_Obj: 0.9997900434037387, Offline_Weight: [0.99988456 0.99979862], Online_Obj: 0.644143536068335, Online_Weights: [0.77963535 0.88009342]}
{Offline_Obj: 0.9997697078725075, Offline_Weight: [0.99997732 0.99979027], Online_Obj: 0.9868700030924629, Online_Weights: [0.98960321 0.98866772]}
Setup: 10000 items, weight_dimension=2, p_min=0.01, p_max=1.0, w_max=1.0
Competitive ratio: 5.605170185988092
Results after 32 experiments:
Average of Empirical Ratio: 1.6655037615217605
Std error of Empirical Ratio: 0.09771748785797343
