{Offline_Obj: 979.0907333149053, Offline_Weight: [0.99999991 1.00000008], Online_Obj: 726.5342399678311, Online_Weights: [0.99979691 0.99414395]}
{Offline_Obj: 979.592514900401, Offline_Weight: [0.99999969 0.99999919], Online_Obj: 720.2455610741162, Online_Weights: [0.99994345 0.99623024]}
{Offline_Obj: 979.5005371189834, Offline_Weight: [0.99999954 0.99999995], Online_Obj: 713.4868559350084, Online_Weights: [0.99656916 0.99990964]}
{Offline_Obj: 978.2212167019975, Offline_Weight: [0.99999959 0.99999976], Online_Obj: 714.3897085827864, Online_Weights: [0.99669747 0.99947585]}
{Offline_Obj: 979.2513409773172, Offline_Weight: [0.99999992 0.99999945], Online_Obj: 716.3710978346942, Online_Weights: [0.99422888 0.99934876]}
{Offline_Obj: 978.3056180683545, Offline_Weight: [1.00000006 0.99999893], Online_Obj: 723.2979522568723, Online_Weights: [0.99416365 0.99929325]}
{Offline_Obj: 978.9406920254243, Offline_Weight: [0.99999945 0.99999978], Online_Obj: 726.441796324988, Online_Weights: [0.99798489 0.99943788]}
{Offline_Obj: 979.2246289120308, Offline_Weight: [0.9999993  1.00000006], Online_Obj: 716.2002882519425, Online_Weights: [0.99725628 0.99988318]}
{Offline_Obj: 978.8417197712783, Offline_Weight: [0.99999978 0.99999997], Online_Obj: 717.8357865483943, Online_Weights: [0.99908138 0.98627986]}
{Offline_Obj: 978.6351361187859, Offline_Weight: [1.00000003 0.9999998 ], Online_Obj: 714.2444703101388, Online_Weights: [0.98900699 0.99955449]}
{Offline_Obj: 978.1547870540488, Offline_Weight: [0.99999961 0.99999908], Online_Obj: 725.5780083731862, Online_Weights: [0.99752387 0.99999052]}
{Offline_Obj: 978.5426294443391, Offline_Weight: [1.00000008 1.00000003], Online_Obj: 722.6560168519429, Online_Weights: [0.99978889 0.99737566]}
{Offline_Obj: 978.9606398558731, Offline_Weight: [0.99999956 1.        ], Online_Obj: 723.6291150402402, Online_Weights: [0.99979947 0.99096599]}
{Offline_Obj: 978.3239745350977, Offline_Weight: [0.99999962 0.9999996 ], Online_Obj: 717.1842629848816, Online_Weights: [0.98946188 0.99945216]}
{Offline_Obj: 978.4655007624899, Offline_Weight: [1.00000003 0.9999997 ], Online_Obj: 724.3393075969688, Online_Weights: [0.99900663 0.99844776]}
{Offline_Obj: 977.7022303359186, Offline_Weight: [0.99999992 0.99999981], Online_Obj: 712.4975360589146, Online_Weights: [0.99140678 0.99948764]}
{Offline_Obj: 978.3200353418081, Offline_Weight: [0.99999943 0.99999997], Online_Obj: 726.0283805917088, Online_Weights: [0.99679909 0.99932814]}
{Offline_Obj: 978.332559647897, Offline_Weight: [0.99999986 0.99999966], Online_Obj: 729.7761783663559, Online_Weights: [0.99978316 0.98902544]}
{Offline_Obj: 977.9717416330453, Offline_Weight: [0.99999847 0.99999929], Online_Obj: 719.6460439619141, Online_Weights: [0.99993257 0.99573498]}
{Offline_Obj: 977.3934704542455, Offline_Weight: [0.9999999  1.00000006], Online_Obj: 721.7262797713289, Online_Weights: [0.99976673 0.99164873]}
{Offline_Obj: 979.8099886680886, Offline_Weight: [1.00000003 0.99999978], Online_Obj: 736.85671346157, Online_Weights: [0.99856228 0.99930764]}
{Offline_Obj: 979.3418687405524, Offline_Weight: [0.99999985 0.99999997], Online_Obj: 711.1117248217065, Online_Weights: [0.99935241 0.99354177]}
{Offline_Obj: 978.9776720100556, Offline_Weight: [0.99999888 1.00000006], Online_Obj: 717.2952172799764, Online_Weights: [0.99698086 0.99958982]}
{Offline_Obj: 979.9941027099568, Offline_Weight: [0.99999829 0.99999964], Online_Obj: 726.9364632887493, Online_Weights: [0.99903737 0.99967596]}
{Offline_Obj: 979.007657371909, Offline_Weight: [1.00000004 0.99999995], Online_Obj: 728.0994062113119, Online_Weights: [0.99966409 0.99718614]}
{Offline_Obj: 979.896673628536, Offline_Weight: [1.00000004 1.00000008], Online_Obj: 728.5482284574892, Online_Weights: [0.99983648 0.99883159]}
{Offline_Obj: 980.0110281899575, Offline_Weight: [0.99999944 1.00000006], Online_Obj: 725.6478023191388, Online_Weights: [0.99982046 0.99148278]}
{Offline_Obj: 978.6864995498129, Offline_Weight: [0.99999884 0.9999998 ], Online_Obj: 737.7824396439842, Online_Weights: [0.9947166  0.99972958]}
{Offline_Obj: 978.9943252091246, Offline_Weight: [0.99999996 1.00000007], Online_Obj: 727.8651202926407, Online_Weights: [0.99991752 0.99794243]}
{Offline_Obj: 980.9439152886928, Offline_Weight: [0.99999958 0.9999999 ], Online_Obj: 724.9790482055041, Online_Weights: [0.99377242 0.99991601]}
{Offline_Obj: 979.5294879816936, Offline_Weight: [1.         0.99999997], Online_Obj: 730.1366509909703, Online_Weights: [0.9845743  0.99956581]}
{Offline_Obj: 978.7593319452842, Offline_Weight: [0.99999952 0.99999821], Online_Obj: 723.3150996749455, Online_Weights: [0.99820242 0.99959447]}
Setup: 10000 items, weight_dimension=2, p_min=10.0, p_max=1000.0, w_max=0.001
Competitive ratio: 5.605170185988092
Results after 32 experiments:
Average of Empirical Ratio: 1.3544003482804343
Std error of Empirical Ratio: 0.002115259919082063
