{Offline_Obj: 9529.246634496754, Offline_Weight: [1.00000003 1.00000006], Online_Obj: 7271.070703693502, Online_Weights: [0.99858319 0.99997876]}
{Offline_Obj: 9531.737958065361, Offline_Weight: [1.00000006 1.00000009], Online_Obj: 7262.912304922721, Online_Weights: [0.99975259 0.99993828]}
{Offline_Obj: 9526.54249373764, Offline_Weight: [1.00000001 1.00000008], Online_Obj: 7226.577321120299, Online_Weights: [0.99999049 0.99987622]}
{Offline_Obj: 9523.45982910281, Offline_Weight: [1.00000001 1.00000007], Online_Obj: 7206.04181872663, Online_Weights: [0.99663213 0.99994224]}
{Offline_Obj: 9535.242116595475, Offline_Weight: [1.00000001 1.0000001 ], Online_Obj: 7235.461003382319, Online_Weights: [0.99996056 0.99918741]}
{Offline_Obj: 9524.876611299098, Offline_Weight: [1.0000001  0.99999998], Online_Obj: 7254.023515318038, Online_Weights: [0.99836033 0.99996276]}
{Offline_Obj: 9528.140309329325, Offline_Weight: [1.00000006 1.00000009], Online_Obj: 7244.387792746671, Online_Weights: [0.9992193  0.99995287]}
{Offline_Obj: 9529.343328807307, Offline_Weight: [1.00000003 1.00000007], Online_Obj: 7235.089797002298, Online_Weights: [0.99924721 0.99996716]}
{Offline_Obj: 9524.794299518891, Offline_Weight: [0.99999994 1.00000009], Online_Obj: 7245.042888565791, Online_Weights: [0.99848068 0.99991588]}
{Offline_Obj: 9521.42439034763, Offline_Weight: [1.00000005 1.00000006], Online_Obj: 7220.494141177361, Online_Weights: [0.99994887 0.99981064]}
{Offline_Obj: 9519.334689825486, Offline_Weight: [0.99999998 1.00000001], Online_Obj: 7226.451202144968, Online_Weights: [0.99743539 0.9999804 ]}
{Offline_Obj: 9518.726958632033, Offline_Weight: [1.00000008 1.00000009], Online_Obj: 7245.360914060653, Online_Weights: [0.99994123 0.99832288]}
{Offline_Obj: 9530.144503799884, Offline_Weight: [1.00000008 0.99999995], Online_Obj: 7228.595117716303, Online_Weights: [0.99991728 0.99767988]}
{Offline_Obj: 9526.561705964796, Offline_Weight: [1.00000004 1.00000008], Online_Obj: 7257.079600089252, Online_Weights: [0.99706595 0.99993819]}
{Offline_Obj: 9529.773417680588, Offline_Weight: [0.99999999 1.00000008], Online_Obj: 7285.0432890088905, Online_Weights: [0.99999318 0.99972261]}
{Offline_Obj: 9516.059008106387, Offline_Weight: [0.99999995 1.00000007], Online_Obj: 7246.319182732486, Online_Weights: [0.99993478 0.99919056]}
{Offline_Obj: 9526.300825261409, Offline_Weight: [1.00000006 1.00000009], Online_Obj: 7251.449326381342, Online_Weights: [0.99870047 0.99992937]}
{Offline_Obj: 9525.87007894633, Offline_Weight: [1.00000008 1.00000006], Online_Obj: 7225.776949116787, Online_Weights: [0.99885905 0.99991279]}
{Offline_Obj: 9518.405622854803, Offline_Weight: [1.00000003 1.00000009], Online_Obj: 7239.429836393619, Online_Weights: [0.99998477 0.99883045]}
{Offline_Obj: 9519.665015189412, Offline_Weight: [1.00000009 1.00000009], Online_Obj: 7246.0611077579, Online_Weights: [0.9999502  0.99891135]}
{Offline_Obj: 9525.770104521438, Offline_Weight: [1.00000009 1.00000001], Online_Obj: 7265.053054469596, Online_Weights: [0.99748006 0.99996975]}
{Offline_Obj: 9520.297146971765, Offline_Weight: [0.99999999 1.00000001], Online_Obj: 7232.582177079252, Online_Weights: [0.99905047 0.99999571]}
{Offline_Obj: 9535.924847934944, Offline_Weight: [1.00000001 1.00000001], Online_Obj: 7277.042072413167, Online_Weights: [0.9999108  0.99971473]}
{Offline_Obj: 9519.450173431487, Offline_Weight: [1.00000007 1.00000004], Online_Obj: 7265.059161098709, Online_Weights: [0.99961975 0.99993933]}
{Offline_Obj: 9526.397016775441, Offline_Weight: [0.99999996 1.00000007], Online_Obj: 7260.184254841266, Online_Weights: [0.99996742 0.9998634 ]}
{Offline_Obj: 9532.638809316773, Offline_Weight: [1.00000006 1.00000009], Online_Obj: 7273.068408466317, Online_Weights: [0.99992085 0.997411  ]}
{Offline_Obj: 9543.387399044794, Offline_Weight: [1.00000005 1.        ], Online_Obj: 7270.644015502027, Online_Weights: [0.99998331 0.99677223]}
{Offline_Obj: 9530.59199720953, Offline_Weight: [1.00000005 1.00000009], Online_Obj: 7239.7940381455965, Online_Weights: [0.99867044 0.99998838]}
{Offline_Obj: 9529.603609190463, Offline_Weight: [1.00000005 1.00000002], Online_Obj: 7217.219474600891, Online_Weights: [0.99866887 0.99996378]}
{Offline_Obj: 9530.39916924394, Offline_Weight: [0.99999995 1.00000006], Online_Obj: 7272.010830058974, Online_Weights: [0.9999241  0.99859528]}
{Offline_Obj: 9523.189774627928, Offline_Weight: [0.99999998 1.0000001 ], Online_Obj: 7284.064914082253, Online_Weights: [0.99754804 0.99998228]}
{Offline_Obj: 9516.371672272448, Offline_Weight: [0.99999998 1.00000008], Online_Obj: 7243.007381444917, Online_Weights: [0.99588628 0.99995835]}
Setup: 50000 items, weight_dimension=2, p_min=100.0, p_max=10000.0, w_max=0.0001
Competitive ratio: 5.605170185988092
Results after 32 experiments:
Average of Empirical Ratio: 1.3142430642710843
Std error of Empirical Ratio: 0.0006109590830391344
