{Offline_Obj: 9.996987362436581, Offline_Weight: [0.99981766 0.99989199], Online_Obj: 6.731698845551874, Online_Weights: [0.91882731 0.98064841]}
{Offline_Obj: 9.993842085014782, Offline_Weight: [0.9996987  0.99961018], Online_Obj: 6.976225017632324, Online_Weights: [0.99614055 0.92734508]}
{Offline_Obj: 9.99388707146724, Offline_Weight: [0.99977486 0.99981152], Online_Obj: 6.400195013695209, Online_Weights: [0.98899532 0.92660553]}
{Offline_Obj: 9.997688601210122, Offline_Weight: [0.99984848 0.99995362], Online_Obj: 7.233170155845078, Online_Weights: [0.96802087 0.98581004]}
{Offline_Obj: 9.99421594201254, Offline_Weight: [0.9997797  0.99974964], Online_Obj: 8.105769180377305, Online_Weights: [0.98904696 0.97189417]}
{Offline_Obj: 9.99621760682367, Offline_Weight: [0.99969971 0.99981499], Online_Obj: 7.631352427590274, Online_Weights: [0.96087492 0.98840398]}
{Offline_Obj: 9.992433364995163, Offline_Weight: [0.99996976 0.99999733], Online_Obj: 8.140910810722877, Online_Weights: [0.97610062 0.99085954]}
{Offline_Obj: 9.996655502782309, Offline_Weight: [0.99982238 0.99985324], Online_Obj: 8.013557351476639, Online_Weights: [0.97220681 0.97502922]}
{Offline_Obj: 9.995653397256705, Offline_Weight: [0.99975728 0.99993628], Online_Obj: 7.464063224221151, Online_Weights: [0.92498415 0.96997741]}
{Offline_Obj: 9.992707811513773, Offline_Weight: [0.99989747 0.99998397], Online_Obj: 7.437557110129643, Online_Weights: [0.96960501 0.98682402]}
{Offline_Obj: 9.996600127298496, Offline_Weight: [0.99983277 0.99990639], Online_Obj: 6.748413599250225, Online_Weights: [0.95786031 0.9935101 ]}
{Offline_Obj: 9.995937484203541, Offline_Weight: [0.99985234 0.99982732], Online_Obj: 7.118498051521218, Online_Weights: [0.84565709 0.99208578]}
{Offline_Obj: 9.99432604429035, Offline_Weight: [0.99983745 0.99992923], Online_Obj: 7.479921131601207, Online_Weights: [0.95038368 0.98997714]}
{Offline_Obj: 9.997040404443393, Offline_Weight: [0.99987079 0.99997151], Online_Obj: 7.4562041681939535, Online_Weights: [0.9330526  0.99046979]}
{Offline_Obj: 9.996411060636163, Offline_Weight: [0.99980158 0.9997975 ], Online_Obj: 6.177982868284001, Online_Weights: [0.92179812 0.98103465]}
{Offline_Obj: 9.99255589542857, Offline_Weight: [0.99992553 0.99971588], Online_Obj: 6.3053697774215385, Online_Weights: [0.99276906 0.90562746]}
{Offline_Obj: 9.992186933460228, Offline_Weight: [0.99967281 0.99978764], Online_Obj: 7.2282789900565225, Online_Weights: [0.97550994 0.95482584]}
{Offline_Obj: 9.995922443882707, Offline_Weight: [0.99979247 0.99990889], Online_Obj: 7.026758693580326, Online_Weights: [0.98327563 0.88628595]}
{Offline_Obj: 9.994475486565113, Offline_Weight: [0.99992802 0.99997585], Online_Obj: 5.840133236428232, Online_Weights: [0.96291514 0.9909285 ]}
{Offline_Obj: 9.992958730569232, Offline_Weight: [0.99998268 0.99975224], Online_Obj: 7.3768670682479796, Online_Weights: [0.98723914 0.95449232]}
{Offline_Obj: 9.995543635058098, Offline_Weight: [0.99990644 0.99990001], Online_Obj: 7.128898798591332, Online_Weights: [0.89448287 0.97898786]}
{Offline_Obj: 9.995594607869887, Offline_Weight: [0.99971755 0.9998328 ], Online_Obj: 6.871320834012159, Online_Weights: [0.92374151 0.99737981]}
{Offline_Obj: 9.989600092549523, Offline_Weight: [0.9995123  0.99951514], Online_Obj: 7.832056007996387, Online_Weights: [0.99580906 0.96600451]}
{Offline_Obj: 9.996152834578997, Offline_Weight: [0.99983007 0.99979962], Online_Obj: 6.876856312877829, Online_Weights: [0.88699397 0.97790785]}
{Offline_Obj: 9.994233800510294, Offline_Weight: [0.99987398 0.99986754], Online_Obj: 7.383293940274298, Online_Weights: [0.98712578 0.99478261]}
{Offline_Obj: 9.995931851708278, Offline_Weight: [0.99998233 0.99993914], Online_Obj: 7.031910694473414, Online_Weights: [0.99190677 0.95263333]}
{Offline_Obj: 9.995534301148723, Offline_Weight: [0.99974603 0.99973661], Online_Obj: 6.107370892416936, Online_Weights: [0.98609234 0.97135108]}
{Offline_Obj: 9.996310529904733, Offline_Weight: [0.9998307  0.99976318], Online_Obj: 7.32571918094429, Online_Weights: [0.98810725 0.93336289]}
{Offline_Obj: 9.995578808896678, Offline_Weight: [0.99973634 0.99977977], Online_Obj: 7.124136313632515, Online_Weights: [0.99132694 0.97645477]}
{Offline_Obj: 9.99516509699006, Offline_Weight: [0.99978994 0.99972853], Online_Obj: 7.264443448766552, Online_Weights: [0.94760894 0.98651857]}
{Offline_Obj: 9.99474431400157, Offline_Weight: [0.99972874 0.99969988], Online_Obj: 6.575131683256868, Online_Weights: [0.87777654 0.97511576]}
{Offline_Obj: 9.992211595046442, Offline_Weight: [0.99996214 0.99978886], Online_Obj: 7.459014005129808, Online_Weights: [0.99459237 0.95272988]}
Setup: 10000 items, weight_dimension=2, p_min=0.1, p_max=10.0, w_max=0.1
Competitive ratio: 5.605170185988092
Results after 32 experiments:
Average of Empirical Ratio: 1.4124644170421803
Std error of Empirical Ratio: 0.020283380684957324
