{Offline_Obj: 95254.56958011586, Offline_Weight: [1.0000001 1.0000001], Online_Obj: 72458.04713741029, Online_Weights: [0.99930015 0.99999594]}
{Offline_Obj: 95276.24489126755, Offline_Weight: [1.00000006 0.99999997], Online_Obj: 72530.20656989621, Online_Weights: [0.99993581 0.99999031]}
{Offline_Obj: 95307.38161447759, Offline_Weight: [1.00000004 1.0000001 ], Online_Obj: 72501.33974327329, Online_Weights: [0.99915372 0.99999088]}
{Offline_Obj: 95266.96335484553, Offline_Weight: [1.00000001 1.0000001 ], Online_Obj: 72443.0735031612, Online_Weights: [0.99927537 0.9999918 ]}
{Offline_Obj: 95293.71585459374, Offline_Weight: [1.00000009 1.0000001 ], Online_Obj: 72552.75842097524, Online_Weights: [0.99999616 0.9998699 ]}
{Offline_Obj: 95238.59314436685, Offline_Weight: [0.99999993 1.00000009], Online_Obj: 72470.53995619994, Online_Weights: [0.99912248 0.99999893]}
{Offline_Obj: 95298.62931011054, Offline_Weight: [1.0000001  1.00000009], Online_Obj: 72421.61838466991, Online_Weights: [0.99933761 0.9999945 ]}
{Offline_Obj: 95257.31332546401, Offline_Weight: [1.00000005 1.0000001 ], Online_Obj: 72490.91811088994, Online_Weights: [0.99999352 0.99908981]}
{Offline_Obj: 95268.02293179277, Offline_Weight: [1.00000001 1.00000003], Online_Obj: 72505.85018354884, Online_Weights: [0.99923959 0.99999674]}
{Offline_Obj: 95253.15143600508, Offline_Weight: [1.00000005 1.00000008], Online_Obj: 72518.30073387148, Online_Weights: [0.99999024 0.99960706]}
{Offline_Obj: 95288.15201616136, Offline_Weight: [1.0000001 1.0000001], Online_Obj: 72522.93185270132, Online_Weights: [0.99971564 0.99999412]}
{Offline_Obj: 95261.2862159642, Offline_Weight: [1.00000006 1.00000002], Online_Obj: 72525.95489070506, Online_Weights: [0.99962622 0.9999913 ]}
{Offline_Obj: 95239.82748474849, Offline_Weight: [1.00000007 1.00000002], Online_Obj: 72421.00985451895, Online_Weights: [0.99999857 0.99930342]}
{Offline_Obj: 95272.89676025738, Offline_Weight: [1.0000001 1.0000001], Online_Obj: 72537.64508975456, Online_Weights: [0.99999006 0.99988424]}
{Offline_Obj: 95272.90437638952, Offline_Weight: [1.0000001  1.00000007], Online_Obj: 72580.04966536947, Online_Weights: [0.99891452 0.99999443]}
{Offline_Obj: 95252.77797030735, Offline_Weight: [1.00000008 1.0000001 ], Online_Obj: 72441.83432550606, Online_Weights: [0.999397   0.99999931]}
{Offline_Obj: 95239.02285383905, Offline_Weight: [1.00000001 1.00000005], Online_Obj: 72448.92510313271, Online_Weights: [0.9997585  0.99999035]}
{Offline_Obj: 95263.47612265036, Offline_Weight: [1.0000001 1.0000001], Online_Obj: 72514.46082562921, Online_Weights: [0.99951694 0.99999249]}
{Offline_Obj: 95275.69265854187, Offline_Weight: [1.0000001  1.00000001], Online_Obj: 72430.60537736249, Online_Weights: [0.99999227 0.9987033 ]}
{Offline_Obj: 95254.61008560652, Offline_Weight: [0.99999999 1.00000004], Online_Obj: 72511.0101488411, Online_Weights: [0.99994597 0.99999251]}
{Offline_Obj: 95262.51092189208, Offline_Weight: [1.0000001  1.00000009], Online_Obj: 72557.73423183498, Online_Weights: [0.99992046 0.99999338]}
{Offline_Obj: 95283.60380347056, Offline_Weight: [1.00000008 1.00000006], Online_Obj: 72439.10162179288, Online_Weights: [0.99999745 0.99864722]}
{Offline_Obj: 95279.29056790238, Offline_Weight: [1.0000001 1.       ], Online_Obj: 72568.730756342, Online_Weights: [0.99999826 0.9992945 ]}
{Offline_Obj: 95249.15863132251, Offline_Weight: [1.00000001 1.0000001 ], Online_Obj: 72598.39511911785, Online_Weights: [0.99940674 0.99999676]}
{Offline_Obj: 95268.84059732543, Offline_Weight: [1.0000001  0.99999996], Online_Obj: 72364.32599709662, Online_Weights: [0.99771496 0.99999445]}
{Offline_Obj: 95267.60049755563, Offline_Weight: [1.00000009 1.0000001 ], Online_Obj: 72582.74484212618, Online_Weights: [0.99999109 0.99989397]}
{Offline_Obj: 95280.60563130886, Offline_Weight: [1.0000001 1.0000001], Online_Obj: 72683.58392295847, Online_Weights: [0.99978147 0.99999746]}
{Offline_Obj: 95261.45908175991, Offline_Weight: [1.0000001  1.00000008], Online_Obj: 72504.49624864697, Online_Weights: [0.99999433 0.99961163]}
{Offline_Obj: 95282.99090871232, Offline_Weight: [1.00000004 1.00000006], Online_Obj: 72511.77291548115, Online_Weights: [0.99999925 0.99953168]}
{Offline_Obj: 95273.84854219064, Offline_Weight: [0.99999999 1.0000001 ], Online_Obj: 72561.1196720377, Online_Weights: [0.99999628 0.99916801]}
{Offline_Obj: 95271.1706626281, Offline_Weight: [1.00000005 1.00000004], Online_Obj: 72608.95797319608, Online_Weights: [0.99967839 0.99999685]}
{Offline_Obj: 95235.08500041389, Offline_Weight: [1.0000001  1.00000002], Online_Obj: 72527.32925410256, Online_Weights: [0.99987506 0.9999967 ]}
Setup: 500000 items, weight_dimension=2, p_min=1000.0, p_max=100000.0, w_max=1e-05
Competitive ratio: 5.605170185988092
Results after 32 experiments:
Average of Empirical Ratio: 1.3138418795415059
Std error of Empirical Ratio: 0.00020678467351724233
