{Offline_Obj: 99.82353068005682, Offline_Weight: [0.99999912 0.99999562], Online_Obj: 71.73618137815924, Online_Weights: [0.99314895 0.99718469]}
{Offline_Obj: 99.80478894594819, Offline_Weight: [0.99999459 0.99999515], Online_Obj: 68.21124640013068, Online_Weights: [0.99919646 0.979841  ]}
{Offline_Obj: 99.81180418077633, Offline_Weight: [0.99999984 0.99999623], Online_Obj: 70.25912361976617, Online_Weights: [0.97926307 0.99876443]}
{Offline_Obj: 99.79826222928955, Offline_Weight: [0.99999475 0.9999983 ], Online_Obj: 70.39996019847246, Online_Weights: [0.98160821 0.99745245]}
{Offline_Obj: 99.82787710550957, Offline_Weight: [0.99999887 0.99999769], Online_Obj: 74.81470347573153, Online_Weights: [0.99692979 0.99633448]}
{Offline_Obj: 99.8032476823795, Offline_Weight: [0.99999874 0.99999833], Online_Obj: 76.77717697525378, Online_Weights: [0.99784682 0.99530605]}
{Offline_Obj: 99.78458908676558, Offline_Weight: [0.99999784 0.99999803], Online_Obj: 73.87038843533213, Online_Weights: [0.99817119 0.98035227]}
{Offline_Obj: 99.8430267292779, Offline_Weight: [0.99999263 0.99999944], Online_Obj: 74.82296393210169, Online_Weights: [0.99424982 0.98967878]}
{Offline_Obj: 99.79132787784422, Offline_Weight: [0.99999878 0.99999759], Online_Obj: 74.20544624526818, Online_Weights: [0.99601723 0.98330659]}
{Offline_Obj: 99.83044990882968, Offline_Weight: [0.99999823 0.99999983], Online_Obj: 73.50132583010557, Online_Weights: [0.99865698 0.99947678]}
{Offline_Obj: 99.80857546345861, Offline_Weight: [0.99999994 0.99999379], Online_Obj: 69.9253786252003, Online_Weights: [0.97463107 0.99870386]}
{Offline_Obj: 99.81145853983692, Offline_Weight: [0.99999954 0.99999977], Online_Obj: 72.42217563082161, Online_Weights: [0.98932646 0.9989684 ]}
{Offline_Obj: 99.79671367581317, Offline_Weight: [0.99999995 0.99999691], Online_Obj: 72.98915556205284, Online_Weights: [0.9997048 0.9840188]}
{Offline_Obj: 99.78823807729418, Offline_Weight: [0.99999992 0.99999925], Online_Obj: 71.82766490168375, Online_Weights: [0.96977719 0.99721921]}
{Offline_Obj: 99.82271586780713, Offline_Weight: [0.99999468 0.99999576], Online_Obj: 69.82341796063325, Online_Weights: [0.99783608 0.9950286 ]}
{Offline_Obj: 99.79305942976708, Offline_Weight: [0.99999723 0.99999808], Online_Obj: 71.33163008641876, Online_Weights: [0.9863984  0.99639847]}
{Offline_Obj: 99.81708669338381, Offline_Weight: [0.99999736 0.99999921], Online_Obj: 73.06011617164998, Online_Weights: [0.98999369 0.99773713]}
{Offline_Obj: 99.8288847392632, Offline_Weight: [0.99999998 0.99999917], Online_Obj: 73.08751014001777, Online_Weights: [0.99839195 0.96122612]}
{Offline_Obj: 99.80949276891157, Offline_Weight: [0.99999888 0.99998614], Online_Obj: 71.04975556043942, Online_Weights: [0.99710644 0.97071683]}
{Offline_Obj: 99.8171529179373, Offline_Weight: [0.9999976  0.99999711], Online_Obj: 71.46474209468799, Online_Weights: [0.99566883 0.99488245]}
{Offline_Obj: 99.7871934464442, Offline_Weight: [1.00000001 0.999996  ], Online_Obj: 74.93402944918297, Online_Weights: [0.98187895 0.99641266]}
{Offline_Obj: 99.81568008828074, Offline_Weight: [0.99999837 0.9999982 ], Online_Obj: 73.01621728106022, Online_Weights: [0.99917306 0.97575282]}
{Offline_Obj: 99.76637608312545, Offline_Weight: [0.99999718 0.99999741], Online_Obj: 69.90565939806758, Online_Weights: [0.98465959 0.99773898]}
{Offline_Obj: 99.80982405071303, Offline_Weight: [0.99999945 0.99999782], Online_Obj: 72.43323246829931, Online_Weights: [0.97371561 0.99810425]}
{Offline_Obj: 99.78490527614906, Offline_Weight: [1.00000001 0.99999326], Online_Obj: 72.8955148763015, Online_Weights: [0.99899892 0.97783943]}
{Offline_Obj: 99.80157975574039, Offline_Weight: [0.99999874 0.99999592], Online_Obj: 71.6991451647672, Online_Weights: [0.99865381 0.95157071]}
{Offline_Obj: 99.83772310904655, Offline_Weight: [0.99999841 0.99999933], Online_Obj: 71.47640506103366, Online_Weights: [0.99080454 0.99717745]}
{Offline_Obj: 99.80985437118768, Offline_Weight: [0.99999924 0.99999964], Online_Obj: 73.84356402030677, Online_Weights: [0.99778989 0.98923747]}
{Offline_Obj: 99.82497457692627, Offline_Weight: [0.99999147 0.99999975], Online_Obj: 73.44291006911166, Online_Weights: [0.99683567 0.95597589]}
{Offline_Obj: 99.86045351871064, Offline_Weight: [0.99999648 0.99999831], Online_Obj: 72.76374077867573, Online_Weights: [0.99607339 0.99215442]}
{Offline_Obj: 99.80547725605231, Offline_Weight: [0.99999979 0.99999988], Online_Obj: 69.90427252803289, Online_Weights: [0.97418006 0.99887837]}
{Offline_Obj: 99.8070723736063, Offline_Weight: [0.99999652 0.99999741], Online_Obj: 74.38612727181157, Online_Weights: [0.99822442 0.99309785]}
Setup: 10000 items, weight_dimension=2, p_min=1.0, p_max=100.0, w_max=0.01
Competitive ratio: 5.605170185988092
Results after 32 experiments:
Average of Empirical Ratio: 1.3798101035046875
Std error of Empirical Ratio: 0.006264034497814655
